<?xml version="1.0" encoding="UTF-8"?>
<!-- Generated by org.testng.reporters.JUnitReportReporter -->
<testsuite skipped="0" hostname="Yoga3" name="com.sqa.jf.PersonTest" tests="1" failures="0" timestamp="03 Sep 2017 01:28:15 GMT" time="0.015" errors="0">
  <testcase name="testPerson" time="0.015" classname="com.sqa.jf.PersonTest"/>
</testsuite> <!-- com.sqa.jf.PersonTest -->
